<?xml version="1.0" encoding="UTF-8"?>
<testng-results ignored="0" total="1" passed="1" failed="0" skipped="0">
  <reporter-output>
  </reporter-output>
  <suite started-at="2021-01-18T01:42:00Z" name="Default suite" finished-at="2021-01-18T01:42:36Z" duration-ms="35995">
    <groups>
    </groups>
    <test started-at="2021-01-18T01:42:00Z" name="Default test" finished-at="2021-01-18T01:42:36Z" duration-ms="35995">
      <class name="practice.AppiumFramework.ecommerce_tc_3">
        <test-method signature="totalValidation()[pri:0, instance:practice.AppiumFramework.ecommerce_tc_3@6676f6a0]" started-at="2021-01-18T01:42:00Z" name="totalValidation" finished-at="2021-01-18T01:42:36Z" duration-ms="35973" status="PASS">
          <reporter-output>
          </reporter-output>
        </test-method> <!-- totalValidation -->
      </class> <!-- practice.AppiumFramework.ecommerce_tc_3 -->
    </test> <!-- Default test -->
  </suite> <!-- Default suite -->
</testng-results>
