<?xml version="1.0" encoding="UTF-8"?>
<testng-results ignored="0" total="6" passed="6" failed="0" skipped="0">
  <reporter-output>
  </reporter-output>
  <suite started-at="2021-01-07T06:33:45Z" name="Surefire suite" finished-at="2021-01-07T06:33:45Z" duration-ms="45">
    <groups>
    </groups>
    <test started-at="2021-01-07T06:33:45Z" name="Surefire test" finished-at="2021-01-07T06:33:45Z" duration-ms="45">
      <class name="mvnnewproject.Mavenjava.AppiumTest">
        <test-method signature="IosApp()[pri:0, instance:mvnnewproject.Mavenjava.AppiumTest@128d2484]" started-at="2021-01-07T06:33:45Z" name="IosApp" finished-at="2021-01-07T06:33:45Z" duration-ms="15" status="PASS">
          <reporter-output>
          </reporter-output>
        </test-method> <!-- IosApp -->
        <test-method signature="NativeAppAndroid()[pri:0, instance:mvnnewproject.Mavenjava.AppiumTest@128d2484]" started-at="2021-01-07T06:33:45Z" name="NativeAppAndroid" finished-at="2021-01-07T06:33:45Z" duration-ms="1" status="PASS">
          <reporter-output>
          </reporter-output>
        </test-method> <!-- NativeAppAndroid -->
      </class> <!-- mvnnewproject.Mavenjava.AppiumTest -->
      <class name="mvnnewproject.Mavenjava.SeleniumTest">
        <test-method signature="BrowserAutomaiton()[pri:0, instance:mvnnewproject.Mavenjava.SeleniumTest@7c7b252e]" started-at="2021-01-07T06:33:45Z" name="BrowserAutomaiton" finished-at="2021-01-07T06:33:45Z" duration-ms="1" status="PASS">
          <reporter-output>
          </reporter-output>
        </test-method> <!-- BrowserAutomaiton -->
        <test-method signature="elementsUi()[pri:0, instance:mvnnewproject.Mavenjava.SeleniumTest@7c7b252e]" started-at="2021-01-07T06:33:45Z" name="elementsUi" finished-at="2021-01-07T06:33:45Z" duration-ms="0" status="PASS">
          <reporter-output>
          </reporter-output>
        </test-method> <!-- elementsUi -->
      </class> <!-- mvnnewproject.Mavenjava.SeleniumTest -->
      <class name="mvnnewproject.Mavenjava.RESTAPITest">
        <test-method signature="deletTwitter()[pri:0, instance:mvnnewproject.Mavenjava.RESTAPITest@7cc0cdad]" started-at="2021-01-07T06:33:45Z" name="deletTwitter" finished-at="2021-01-07T06:33:45Z" duration-ms="0" status="PASS">
          <reporter-output>
          </reporter-output>
        </test-method> <!-- deletTwitter -->
        <test-method signature="postJira()[pri:0, instance:mvnnewproject.Mavenjava.RESTAPITest@7cc0cdad]" started-at="2021-01-07T06:33:45Z" name="postJira" finished-at="2021-01-07T06:33:45Z" duration-ms="1" status="PASS">
          <reporter-output>
          </reporter-output>
        </test-method> <!-- postJira -->
      </class> <!-- mvnnewproject.Mavenjava.RESTAPITest -->
    </test> <!-- Surefire test -->
  </suite> <!-- Surefire suite -->
</testng-results>
