<?xml version="1.0" encoding="UTF-8"?>
<!-- Generated by org.testng.reporters.JUnitXMLReporter -->
<testsuite ignored="0" hostname="DESKTOP-FS9558N" failures="0" tests="6" name="Surefire test" time="0.045" errors="0" timestamp="07 Jan 2021 06:33:45 GMT">
  <testcase classname="mvnnewproject.Mavenjava.AppiumTest" name="IosApp" time="0.015"/>
  <testcase classname="mvnnewproject.Mavenjava.AppiumTest" name="NativeAppAndroid" time="0.001"/>
  <testcase classname="mvnnewproject.Mavenjava.RESTAPITest" name="deletTwitter" time="0.0"/>
  <testcase classname="mvnnewproject.Mavenjava.RESTAPITest" name="postJira" time="0.001"/>
  <testcase classname="mvnnewproject.Mavenjava.SeleniumTest" name="BrowserAutomaiton" time="0.001"/>
  <testcase classname="mvnnewproject.Mavenjava.SeleniumTest" name="elementsUi" time="0.0"/>
</testsuite> <!-- Surefire test -->
