<?xml version="1.0" encoding="UTF-8"?>
<!-- Generated by org.testng.reporters.JUnitXMLReporter -->
<testsuite ignored="4" hostname="DESKTOP-FS9558N" failures="0" tests="2" name="Regression" time="0.047" errors="0" timestamp="2021-01-04T20:24:21 PST">
  <testcase classname="test.day2" name="Demo2" time="0.008"/>
  <testcase classname="test.day4" name="Demo4" time="0.001"/>
  <testcase classname="test.day1" name="SecondDemo" time="0.0">
    <ignored/>
  </testcase> <!-- SecondDemo -->
  <testcase classname="test.day2" name="SecondDemo2" time="0.0">
    <ignored/>
  </testcase> <!-- SecondDemo2 -->
  <testcase classname="test.day4" name="SecondDemo4" time="0.0">
    <ignored/>
  </testcase> <!-- SecondDemo4 -->
  <testcase classname="test.day1" name="Demo" time="0.0">
    <ignored/>
  </testcase> <!-- Demo -->
</testsuite> <!-- Regression -->
