<?xml version="1.0" encoding="UTF-8"?>
<!-- Generated by org.testng.reporters.JUnitXMLReporter -->
<testsuite ignored="0" hostname="DESKTOP-FS9558N" failures="0" tests="6" name="Test1orwhateverthenameyouwanna" time="0.1" errors="0" timestamp="2021-01-04T20:40:45 PST">
  <testcase classname="test.day1" name="Demo" time="0.015"/>
  <testcase classname="test.day1" name="SecondDemo" time="0.001"/>
  <testcase classname="test.day2" name="Demo2" time="0.002"/>
  <testcase classname="test.day2" name="SecondDemo2" time="0.002"/>
  <testcase classname="test.day4" name="ASecondDemo4" time="0.001"/>
  <testcase classname="test.day4" name="Demo4" time="0.001"/>
</testsuite> <!-- Test1orwhateverthenameyouwanna -->
